<?xml version="1.0" encoding="utf-8"?>
<test-run id="2" testcasecount="1" result="Passed" total="1" passed="1" failed="0" inconclusive="0" skipped="0" asserts="0" engine-version="3.5.0.0" clr-version="4.0.30319.42000" start-time="2025-03-20 05:01:39Z" end-time="2025-03-20 05:01:39Z" duration="0.3926784">
  <test-suite type="TestSuite" id="1012" name="Peghead" fullname="Peghead" runstate="Runnable" testcasecount="3" result="Passed" start-time="2025-03-20 05:01:39Z" end-time="2025-03-20 05:01:39Z" duration="0.392678" total="1" passed="1" failed="0" inconclusive="0" skipped="0" asserts="0">
    <properties>
      <property name="platform" value="PlayMode" />
    </properties>
    <test-suite type="Assembly" id="1005" name="IsaacPlayModeTests.dll" fullname="C:/Users/offic/OneDrive/Documents/GitHub/Project-Maroon/UnityGame/Peghead/Library/ScriptAssemblies/IsaacPlayModeTests.dll" runstate="Runnable" testcasecount="2" result="Passed" start-time="2025-03-20 05:01:39Z" end-time="2025-03-20 05:01:39Z" duration="0.381868" total="1" passed="1" failed="0" inconclusive="0" skipped="0" asserts="0">
      <properties>
        <property name="_PID" value="15488" />
        <property name="_APPDOMAIN" value="Unity Child Domain" />
        <property name="platform" value="PlayMode" />
        <property name="EditorOnly" value="False" />
      </properties>
      <test-suite type="TestFixture" id="1003" name="TitleScreenTestsPlay" fullname="TitleScreenTestsPlay" classname="TitleScreenTestsPlay" runstate="Runnable" testcasecount="1" result="Passed" start-time="2025-03-20 05:01:39Z" end-time="2025-03-20 05:01:39Z" duration="0.376688" total="1" passed="1" failed="0" inconclusive="0" skipped="0" asserts="0">
        <properties />
        <test-case id="1004" name="SpamTitleScreen" fullname="TitleScreenTestsPlay.SpamTitleScreen" methodname="SpamTitleScreen" classname="TitleScreenTestsPlay" runstate="Runnable" seed="367967401" result="Passed" start-time="2025-03-20 05:01:39Z" end-time="2025-03-20 05:01:39Z" duration="0.356701" asserts="0">
          <properties>
            <property name="_JOINTYPE" value="UnityCombinatorial" />
            <property name="retryIteration" value="0" />
            <property name="repeatIteration" value="0" />
          </properties>
          <output><![CDATA[TitleScreen loaded
Saving results to: C:/Users/offic/AppData/LocalLow/DefaultCompany/Peghead\TestResults.xml
]]></output>
        </test-case>
      </test-suite>
    </test-suite>
  </test-suite>
</test-run>